<?xml version="1.0" encoding="UTF-8"?>
<testsuite name="base.BaseTest" tests="2" skipped="0" failures="0" errors="0" timestamp="2021-07-13T23:31:23" hostname="YAMMOK" time="53.882">
  <properties/>
  <testcase name="testLoginExitoso()" classname="base.BaseTest" time="37.65"/>
  <testcase name="testSearch()" classname="base.BaseTest" time="16.23"/>
  <system-out><![CDATA[]]></system-out>
  <system-err><![CDATA[SLF4J: Failed to load class "org.slf4j.impl.StaticLoggerBinder".
SLF4J: Defaulting to no-operation (NOP) logger implementation
SLF4J: See http://www.slf4j.org/codes.html#StaticLoggerBinder for further details.
Starting ChromeDriver 91.0.4472.101 (af52a90bf87030dd1523486a1cd3ae25c5d76c9b-refs/branch-heads/4472@{#1462}) on port 25261
Only local connections are allowed.
Please see https://chromedriver.chromium.org/security-considerations for suggestions on keeping ChromeDriver safe.
ChromeDriver was started successfully.
jul. 13, 2021 6:31:46 P. M. org.openqa.selenium.remote.ProtocolHandshake createSession
INFORMACIÓN: Detected dialect: W3C
jul. 13, 2021 6:31:47 P. M. org.openqa.selenium.devtools.CdpVersionFinder findNearestMatch
INFORMACIÓN: Found exact CDP implementation for version 91
Starting ChromeDriver 91.0.4472.101 (af52a90bf87030dd1523486a1cd3ae25c5d76c9b-refs/branch-heads/4472@{#1462}) on port 40812
Only local connections are allowed.
Please see https://chromedriver.chromium.org/security-considerations for suggestions on keeping ChromeDriver safe.
ChromeDriver was started successfully.
jul. 13, 2021 6:32:03 P. M. org.openqa.selenium.remote.ProtocolHandshake createSession
INFORMACIÓN: Detected dialect: W3C
jul. 13, 2021 6:32:03 P. M. org.openqa.selenium.devtools.CdpVersionFinder findNearestMatch
INFORMACIÓN: Found exact CDP implementation for version 91
]]></system-err>
</testsuite>
